[debug] [2019-11-27T23:24:43.217Z] ----------------------------------------------------------------------
[debug] [2019-11-27T23:24:43.219Z] Command:       C:\Program Files\nodejs\node.exe C:\Users\Home\AppData\Roaming\npm\node_modules\firebase-tools\lib\bin\firebase.js deploy
[debug] [2019-11-27T23:24:43.219Z] CLI Version:   7.7.0
[debug] [2019-11-27T23:24:43.219Z] Platform:      win32
[debug] [2019-11-27T23:24:43.219Z] Node Version:  v10.15.3
[debug] [2019-11-27T23:24:43.220Z] Time:          Wed Nov 27 2019 17:24:43 GMT-0600 (Central Standard Time)
[debug] [2019-11-27T23:24:43.221Z] ----------------------------------------------------------------------
[debug] [2019-11-27T23:24:43.221Z] 
[debug] [2019-11-27T23:24:43.229Z] > command requires scopes: ["email","openid","https://www.googleapis.com/auth/cloudplatformprojects.readonly","https://www.googleapis.com/auth/firebase","https://www.googleapis.com/auth/cloud-platform"]
[debug] [2019-11-27T23:24:43.230Z] > authorizing via signed-in user
[debug] [2019-11-27T23:24:43.230Z] [iam] checking project cub-time for permissions ["cloudfunctions.functions.create","cloudfunctions.functions.delete","cloudfunctions.functions.get","cloudfunctions.functions.list","cloudfunctions.functions.update","cloudfunctions.operations.get","datastore.indexes.create","datastore.indexes.delete","datastore.indexes.list","datastore.indexes.update","firebase.projects.get","firebasedatabase.instances.update","firebasehosting.sites.update","firebaserules.releases.create","firebaserules.releases.update","firebaserules.rulesets.create"]
[debug] [2019-11-27T23:24:43.232Z] >>> HTTP REQUEST POST https://cloudresourcemanager.googleapis.com/v1/projects/cub-time:testIamPermissions  

[debug] [2019-11-27T23:24:43.505Z] <<< HTTP RESPONSE 200
[debug] [2019-11-27T23:24:43.507Z] >>> HTTP REQUEST GET https://firebase.googleapis.com/v1beta1/projects/cub-time  
 
[debug] [2019-11-27T23:24:43.758Z] <<< HTTP RESPONSE 200
[info] 
[info] === Deploying to 'cub-time'...
[info] 
[info] i  deploying database, storage, firestore, functions, hosting
[info] Running command: npm --prefix "$RESOURCE_DIR" run lint
[info] +  functions: Finished running predeploy script.
[info] i  database: checking rules syntax...
[debug] [2019-11-27T23:24:47.720Z] >>> HTTP REQUEST PUT https://cub-time.firebaseio.com/.settings/rules.json?dryRun=true  
 {
  /* Visit https://firebase.google.com/docs/database/security to learn more about security rules. */
  "rules": {
    ".read": true,
    ".write": true
  }
}
[debug] [2019-11-27T23:24:48.014Z] <<< HTTP RESPONSE 200
[info] +  database: rules syntax for database cub-time is valid
[debug] [2019-11-27T23:24:48.015Z] >>> HTTP REQUEST GET https://appengine.googleapis.com/v1/apps/cub-time  
 
[debug] [2019-11-27T23:24:48.361Z] <<< HTTP RESPONSE 200
[info] i  storage: checking storage.rules for compilation errors...
[debug] [2019-11-27T23:24:48.363Z] >>> HTTP REQUEST POST https://firebaserules.googleapis.com/v1/projects/cub-time:test  

[debug] [2019-11-27T23:24:48.545Z] <<< HTTP RESPONSE 200
[info] +  storage: rules file storage.rules compiled successfully
[info] i  firestore: checking firestore.rules for compilation errors...
[info] i  firestore: reading indexes from firestore.indexes.json...
[debug] [2019-11-27T23:24:48.548Z] >>> HTTP REQUEST POST https://firebaserules.googleapis.com/v1/projects/cub-time:test  

[debug] [2019-11-27T23:24:48.661Z] <<< HTTP RESPONSE 200
[info] +  firestore: rules file firestore.rules compiled successfully
[debug] [2019-11-27T23:24:48.666Z] > [functions] package.json contents: {
  "name": "functions",
  "description": "Cloud Functions for Firebase",
  "scripts": {
    "lint": "eslint .",
    "serve": "firebase serve --only functions",
    "shell": "firebase functions:shell",
    "start": "npm run shell",
    "deploy": "firebase deploy --only functions",
    "logs": "firebase functions:log"
  },
  "engines": {
    "node": "8"
  },
  "dependencies": {
    "firebase-admin": "^8.6.0",
    "firebase-functions": "^3.3.0"
  },
  "devDependencies": {
    "eslint": "^5.12.0",
    "eslint-plugin-promise": "^4.0.1",
    "firebase-functions-test": "^0.1.6"
  },
  "private": true
}
[info] i  functions: ensuring necessary APIs are enabled...
[debug] [2019-11-27T23:24:48.669Z] >>> HTTP REQUEST GET https://serviceusage.googleapis.com/v1/projects/cub-time/services/cloudfunctions.googleapis.com  
 
[debug] [2019-11-27T23:24:48.670Z] >>> HTTP REQUEST GET https://serviceusage.googleapis.com/v1/projects/cub-time/services/runtimeconfig.googleapis.com  
 
[debug] [2019-11-27T23:24:48.975Z] <<< HTTP RESPONSE 200
[debug] [2019-11-27T23:24:49.034Z] <<< HTTP RESPONSE 200
[info] +  functions: all necessary APIs are enabled
[debug] [2019-11-27T23:24:49.036Z] >>> HTTP REQUEST GET https://firebase.googleapis.com/v1beta1/projects/cub-time/adminSdkConfig  
 
[debug] [2019-11-27T23:24:49.224Z] <<< HTTP RESPONSE 200
[debug] [2019-11-27T23:24:49.225Z] >>> HTTP REQUEST POST https://firebasehosting.googleapis.com/v1beta1/sites/cub-time/versions  

[debug] [2019-11-27T23:24:50.028Z] <<< HTTP RESPONSE 200
[debug] [2019-11-27T23:24:50.030Z] >>> HTTP REQUEST GET https://firebaserules.googleapis.com/v1/projects/cub-time/releases?pageSize=10&pageToken=  
 
[debug] [2019-11-27T23:24:50.147Z] <<< HTTP RESPONSE 200
[debug] [2019-11-27T23:24:50.148Z] >>> HTTP REQUEST GET https://firebaserules.googleapis.com/v1/projects/cub-time/rulesets/ebb80aaa-3059-4020-bd88-a5585715b9ed  
 
[debug] [2019-11-27T23:24:50.260Z] <<< HTTP RESPONSE 200
[info] i  storage: latest version of storage.rules already up to date, skipping upload...
[debug] [2019-11-27T23:24:50.262Z] >>> HTTP REQUEST GET https://firebaserules.googleapis.com/v1/projects/cub-time/releases?pageSize=10&pageToken=  
 
[debug] [2019-11-27T23:24:50.263Z] >>> HTTP REQUEST GET https://firestore.googleapis.com/v1beta2/projects/cub-time/databases/(default)/collectionGroups/-/indexes  
 
[debug] [2019-11-27T23:24:50.386Z] <<< HTTP RESPONSE 200
[debug] [2019-11-27T23:24:50.387Z] >>> HTTP REQUEST GET https://firebaserules.googleapis.com/v1/projects/cub-time/rulesets/6636e31a-915c-47bb-8e4a-180b612f23b5  
 
[debug] [2019-11-27T23:24:50.496Z] <<< HTTP RESPONSE 200
[info] i  firestore: latest version of firestore.rules already up to date, skipping upload...
[debug] [2019-11-27T23:24:50.502Z] <<< HTTP RESPONSE 200
[debug] [2019-11-27T23:24:50.502Z] >>> HTTP REQUEST GET https://firestore.googleapis.com/v1beta2/projects/cub-time/databases/(default)/collectionGroups/-/fields?filter=indexConfig.usesAncestorConfig=false  
 
[debug] [2019-11-27T23:24:50.707Z] <<< HTTP RESPONSE 200
[info] +  firestore: deployed indexes in firestore.indexes.json successfully
[info] i  functions: preparing functions directory for uploading...
[debug] [2019-11-27T23:24:50.710Z] >>> HTTP REQUEST GET https://runtimeconfig.googleapis.com/v1beta1/projects/cub-time/configs  
 
[debug] [2019-11-27T23:24:50.963Z] <<< HTTP RESPONSE 200
[info] i  hosting[cub-time]: beginning deploy...
[info] i  hosting[cub-time]: found 1 files in public
[debug] [2019-11-27T23:24:51.165Z] [hosting] hash cache [cHVibGlj] stored for 1 files
[debug] [2019-11-27T23:24:51.165Z] [hosting][hash queue][FINAL]
[debug] [2019-11-27T23:24:51.165Z] >>> HTTP REQUEST POST https://firebasehosting.googleapis.com/v1beta1/sites/cub-time/versions/2d8155a7e586f0dd:populateFiles  
 <request body omitted>
[debug] [2019-11-27T23:24:51.465Z] <<< HTTP RESPONSE 200
[debug] [2019-11-27T23:24:51.467Z] [hosting][populate queue][FINAL]
[debug] [2019-11-27T23:24:51.467Z] [hosting] uploads queued: 1
[debug] [2019-11-27T23:24:52.555Z] [hosting][upload queue][FINAL]
[info] +  hosting[cub-time]: file upload complete
[debug] [2019-11-27T23:24:52.556Z] [hosting] deploy completed after 1405ms
[info] i  database: releasing rules...
[debug] [2019-11-27T23:24:52.669Z] >>> HTTP REQUEST PUT https://cub-time.firebaseio.com/.settings/rules.json  
 {
  /* Visit https://firebase.google.com/docs/database/security to learn more about security rules. */
  "rules": {
    ".read": true,
    ".write": true
  }
}
[debug] [2019-11-27T23:24:52.947Z] <<< HTTP RESPONSE 200
[info] +  database: rules for database cub-time released successfully
[debug] [2019-11-27T23:24:52.949Z] [rules] releasing firebase.storage/cub-time.appspot.com with ruleset projects/cub-time/rulesets/ebb80aaa-3059-4020-bd88-a5585715b9ed
[debug] [2019-11-27T23:24:52.949Z] >>> HTTP REQUEST PATCH https://firebaserules.googleapis.com/v1/projects/cub-time/releases/firebase.storage/cub-time.appspot.com  

[debug] [2019-11-27T23:24:53.094Z] <<< HTTP RESPONSE 200
[debug] [2019-11-27T23:24:53.094Z] [rules] updated release projects/cub-time/releases/firebase.storage/cub-time.appspot.com
[info] +  storage: released rules storage.rules to firebase.storage/cub-time.appspot.com
[debug] [2019-11-27T23:24:53.095Z] [rules] releasing cloud.firestore with ruleset projects/cub-time/rulesets/6636e31a-915c-47bb-8e4a-180b612f23b5
[debug] [2019-11-27T23:24:53.096Z] >>> HTTP REQUEST PATCH https://firebaserules.googleapis.com/v1/projects/cub-time/releases/cloud.firestore  

[debug] [2019-11-27T23:24:53.249Z] <<< HTTP RESPONSE 200
[debug] [2019-11-27T23:24:53.249Z] [rules] updated release projects/cub-time/releases/cloud.firestore
[info] +  firestore: released rules firestore.rules to cloud.firestore
[debug] [2019-11-27T23:24:53.250Z] >>> HTTP REQUEST GET https://cloudfunctions.googleapis.com/v1/projects/cub-time/locations/-/functions  
 
